
ROM used:   706/65536 (1%)
            1028/65536 (2%) including unused fragments

            0.5 Average locations per line
            12.4 Average locations per statement

RAM used:   8/3896 (0%) at main() level
            81/3896 (2%) worst case

Stack used: 4 worst case (3 in main + 1 for interrupts)
Stack size: 30

Lines Stmts  %   Files
----- ----- ---  -----
  292    57 100  bootloader.c
   84     0   0  bootloader.h
 1022     0   0  C:\PROGRA~2\PICC\devices\18F46K22.h
   31     0   0  types.h
----- -----
 1429    57 Total

Page ROM  %  RAM    Vol Diff  Functions:
---- --- --- ---    --- ----  ----------
0      8   1    0             @@PUTCHARI_BIU_1
0     72   5    6    408  7.1  get_hexbyte
0     46   3    5    236  5.5  check_checksum
0    298  21   68   1624 10.2  bootloader
0     32   2    0             @@FLASHWR
0     66   5    7             @@WRITE_PROGRAM_MEMORY
0      4   0    0     20  1.3  application
0     96   7    2     90  1.9  MAIN
0     34   2    0             @const718
0     34   2    2             @@PSTRINGC_57600_31774_31775
0      6   0    0      9  0.7  isr_low
0      6   0    0      9  0.7  isr_high
 Inline         0             @cinit1

Program metrics:
    Functions               7
    Statements              57
    Comments                314
    Volume (V)              3092
    Difficulty (D)          27.6
    Effort to implement (E) 85358
    Time to implement (T)   1 hours, 19 minutes
    Est Delivered Bugs (B)  1
    Cyclomatic Complexity   11
    Maintainability (MI)    64

 Segment     Used  Free
-----------  ----  ----
00000-00006     4  4  
00008-00016     6  10  
00018-00028     6  12  
0002A-003FE   686  296  
00400-00500     4  254  
00502-0FFFE     0  64254  



