
ROM used:   20280/65536 (31%)
            20284/65536 (31%) including unused fragments

            3.7 Average locations per line
            15.6 Average locations per statement

RAM used:   793/3896 (20%) at main() level
            1669/3896 (43%) worst case

Stack used: 8 worst case (5 in main + 3 for interrupts)
Stack size: 30

Lines Stmts  %   Files
----- ----- ---  -----
  160    42   3  HomeCtrlMQTT_mian.c
 1022     0   0  C:\Program Files (x86)\PICC\devices\18F46K22.h
   37     0   0  C:\Program Files (x86)\PICC\drivers\stdio.h
  435     0   0  C:\Program Files (x86)\PICC\drivers\string.h
   32     0   0  C:\Program Files (x86)\PICC\drivers\stddef.h
   28     0   0  C:\Program Files (x86)\PICC\drivers\ctype.h
 1352   359  28  C:\Program Files (x86)\PICC\drivers\stdlib.h
  152     0   0  HCMQTT_Header.h
  217    59   5  LCD_I2C_20x4.h
  141    53   4  DS1302.c
  310   139  11  IRRemote.c
  174    79   6  WiFi_linker.c
  732   384  30  MQTT_linker.c
  254   130  10  Timer.c
  230     0   0  touch.c
   75    26   2  AccessoryService.c
   68    29   2  ISR_Process.c
----- -----
 5419  1300 Total

Page ROM  %  RAM    Vol Diff  Functions:
---- --- --- ---    --- ----  ----------
0     48   0    1             @delay_ms1
0     24   0    0             @GETCH_BIU_1
0     24   0    0             @GETCH_BIU_2
0    120   0    5    243  7.0  strcmp
0     68   0    4    158  5.1  strchr
0    122   0    9    305  6.5  strpbrk
0    144   0    9    365  8.1  strspn
0    142   0    9    336  7.1  strstr
0     60   0    5    140  5.0  strlen
0    184   0   10    516  8.6  strtok
0     80   0    2             @MUL88
0    248   1   11             @MULFF
0    402   1    9   1815 10.5  atoi
0    440   1   27   1075 11.2  itoa
0     94   0   14             @MUL3232
0    234   1   14             @DIVS3232
0    118   0    1             @I2C_WRITE_1
0     82   0    1     70  1.4  transceiver
0     48   0    1    153  2.7  fetch_data
0    162   0    0    370  1.4  lcd_init
0     48   0    2    223  3.4  display
0    262   1    5    835  6.2  lcd_goto_xy
0     34   0    2    199  4.3  write_ds1302_byte
0     18   0    2     94  1.8  write_ds1302
0     78   0    3    401  4.9  read_ds1302
0     84   0    2    247  3.7  rtc_init
0     62   0    4    160  5.0  get_bcd
0     44   0    3             @DIV88
0     50   0    3    160  4.2  rm_bcd
0    186   0    8    421  2.2  rtc_set_datetime
 Inline         5    238  3.1  rtc_get_date
 Inline         4    170  3.0  rtc_get_time
0     46   0    0    108  2.5  EXT_isr
0     22   0    0     78  2.3  ir_get_fall
0     20   0    0             @const1125
0     42   0    3             @PSTRINGCN_9600_31766_31767
0    126   0    2             @PRINTF_U_9600_31766_31767
0    536   1    2   1246  7.7  IR_Read
0     18   0    0             @const1134
0    148   0   13             @DIV3232
0    190   0   12             @PRINTF_L32U_9600_31766_31767
0     40   0    0             @const1140
0    180   0    9             @PRINTF_LU_9600_31766_31767
0    118   0    3    386  4.7  SeriaInput
0     16   0    0     33  1.3  Clear_Receive
0   1488   4  560   3288  6.8  WiFi_Receive
0     18   0    0             @const1174
0      8   0    0             @const1175
0     38   0    2             @PSTRINGR_9600_31766_31767
0     24   0    0             @const1180
0     42   0    3             @PSTRINGCN_57600_31774_31775
0    126   0    2             @PRINTF_U_57600_31774_31775
0     38   0    2             @PSTRINGR_57600_31774_31775
0     24   0    0             @const1187
0    110   0    3    339  4.2  SerialInt2
0     16   0    0     33  1.3  ClearESP8266_Receive
0   7688  19  817  19250 11.4  ProcessMQTTData
0     10   0    0             @const1204
0     10   0    0             @const1266
0     32   0    2             @PSTRINGC_1027
0     18   0    0             @const1268
0     10   0    0             @const1269
0     18   0    0             @const1270
0     18   0    0             @const1271
0      4   0    0             @const1272
0     18   0    0             @const1273
0     22   0    0             @const1276
0     18   0    0             @const1277
0     66   0    6             @WRITEBITA
0     16   0    0             @const1282
0     10   0    0             @const1284
0     10   0    0             @const1286
0     10   0    0             @const1288
0     34   0    0             @const1291
0     14   0    0             @const1292
0     14   0    0             @const1293
0     34   0    0             @const1294
0     18   0    0             @const1295
0     18   0    0             @const1296
0     32   0    0             @const1297
0     34   0    2             @PSTRINGC_9600_31766_31767
0     18   0    0             @const1299
0     20   0    0             @const1300
0     68   0    5             @FTOSD
0    444   1   13             @PRINTF_L32D_57600_31774_31775FPFPF
0   1376   3   11   2472  8.6  Last_Switch_State
0     22   0    0             @const1311
0     22   0    0             @const1312
0     30   0    1     48  1.1  HardResetESP8266
0    206   1    0    458  4.2  Check_Connecttion
0     12   0    0             @const1317
0      8   0    0             @const1318
0    224   1   12             @PRINTF_L32U_1027
0     44   0    3             @PSTRINGCN_1027
0      4   0    0             @const1323
0     18   0    0             @const1324
0     12   0    0             @const1325
0    768   2    1   1424  4.4  Show_RTC
0      2   0    0             @const1329
0      2   0    0             @const1330
0      2   0    0             @const1331
0     22   0    0             @const1344
0     22   0    0             @const1345
0     20   0    0             @const1346
0     20   0    0             @const1347
0      8   0    0             @const1364
0      4   0    0             @const1368
0    274   1    4    761  7.5  clock_isr
0     16   0    0             @const1381
0     10   0    0             @const1382
0     34   0    2             @PSTRINGC_57600_31774_31775
0     10   0    0             @const1384
0    958   2    0   1105  4.3  MAIN
0     18   0    0             @const1388
0     36   0    0             @const1389
 Inline         0             @cinit1

Program metrics:
    Functions               38
    Statements              1300
    Comments                1399
    Volume (V)              60285
    Difficulty (D)          187.2
    Effort to implement (E) 11287431
    Time to implement (T)   174 hours, 11 minutes
    Est Delivered Bugs (B)  17
    Cyclomatic Complexity   124
    Maintainability (MI)    76

 Segment     Used  Free
-----------  ----  ----
00000-003FE     0  1024  
00400-00406     4  4  
00408-004D0   202  0  
004D2-0FFFE  20074  44228  



